<?xml version="1.0" encoding="UTF-8"?>
<!-- Generated by org.testng.reporters.JUnitXMLReporter -->
<testsuite ignored="0" hostname="DevZone" failures="0" tests="3" name="Test" time="7.485" errors="0" timestamp="2023-03-28T21:08:05 IST">
  <testcase classname="com.IRC_Testing_D7_TestNG_CE_COD.Test_05" name="testCase_01" time="5.852"/>
  <testcase classname="com.IRC_Testing_D7_TestNG_CE_COD.Test_05" name="testCase_02" time="0.681"/>
  <testcase classname="com.IRC_Testing_D7_TestNG_CE_COD.Test_05" name="testCase_03" time="0.893"/>
</testsuite> <!-- Test -->
