<?xml version="1.0" encoding="UTF-8"?>
<testng-results ignored="0" total="1" passed="1" failed="0" skipped="0">
  <reporter-output>
  </reporter-output>
  <suite started-at="2023-03-29T16:49:38 IST" name="Default suite" finished-at="2023-03-29T16:49:48 IST" duration-ms="10529">
    <groups>
    </groups>
    <test started-at="2023-03-29T16:49:38 IST" name="Default test" finished-at="2023-03-29T16:49:48 IST" duration-ms="10529">
      <class name="com.IRC_Testing_D8_SeleniumWebDriver_CY_COD.Task">
        <test-method is-config="true" signature="beforeMethod()[pri:0, instance:com.IRC_Testing_D8_SeleniumWebDriver_CY_COD.Task@3c19aaa5]" started-at="2023-03-29T16:49:38 IST" name="beforeMethod" finished-at="2023-03-29T16:49:48 IST" duration-ms="10462" status="PASS">
          <reporter-output>
          </reporter-output>
        </test-method> <!-- beforeMethod -->
        <test-method signature="placeOrder()[pri:0, instance:com.IRC_Testing_D8_SeleniumWebDriver_CY_COD.Task@3c19aaa5]" started-at="2023-03-29T16:49:48 IST" name="placeOrder" description="Order Products in E-commerce Website" finished-at="2023-03-29T16:49:48 IST" duration-ms="8" status="PASS">
          <reporter-output>
          </reporter-output>
        </test-method> <!-- placeOrder -->
        <test-method is-config="true" signature="afterMethod()[pri:0, instance:com.IRC_Testing_D8_SeleniumWebDriver_CY_COD.Task@3c19aaa5]" started-at="2023-03-29T16:49:48 IST" name="afterMethod" finished-at="2023-03-29T16:49:48 IST" duration-ms="0" status="PASS">
          <reporter-output>
          </reporter-output>
        </test-method> <!-- afterMethod -->
      </class> <!-- com.IRC_Testing_D8_SeleniumWebDriver_CY_COD.Task -->
    </test> <!-- Default test -->
  </suite> <!-- Default suite -->
</testng-results>
